<?xml version="1.0" encoding="UTF-8"?>
<testng-results ignored="0" total="1" passed="1" failed="0" skipped="0">
  <reporter-output>
  </reporter-output>
  <suite started-at="2024-08-29T16:37:43 IST" name="Default suite" finished-at="2024-08-29T16:37:52 IST" duration-ms="9276">
    <groups>
      <group name="cucumber">
        <method signature="AbstractTestNGCucumberTests.runScenario(io.cucumber.testng.PickleWrapper,io.cucumber.testng.FeatureWrapper)[pri:0, instance:RunnerClass.RunnerClass@74e52ef6]" name="runScenario" class="io.cucumber.testng.AbstractTestNGCucumberTests"/>
      </group> <!-- cucumber -->
    </groups>
    <test started-at="2024-08-29T16:37:43 IST" name="Default test" finished-at="2024-08-29T16:37:52 IST" duration-ms="9276">
      <class name="RunnerClass.RunnerClass">
        <test-method is-config="true" signature="setUpClass(org.testng.ITestContext)[pri:0, instance:RunnerClass.RunnerClass@74e52ef6]" started-at="2024-08-29T16:37:43 IST" name="setUpClass" finished-at="2024-08-29T16:37:43 IST" duration-ms="538" status="PASS">
          <params>
            <param index="0">
              <value>
                <![CDATA[org.testng.TestRunner@4cdb8504]]>
              </value>
            </param>
          </params>
          <reporter-output>
          </reporter-output>
        </test-method> <!-- setUpClass -->
        <test-method signature="runScenario(io.cucumber.testng.PickleWrapper,io.cucumber.testng.FeatureWrapper)[pri:0, instance:RunnerClass.RunnerClass@74e52ef6]" started-at="2024-08-29T16:37:43 IST" name="runScenario" description="Runs Cucumber Scenarios" data-provider="scenarios" finished-at="2024-08-29T16:37:52 IST" duration-ms="8575" status="PASS">
          <params>
            <param index="0">
              <value>
                <![CDATA["Validate if user is able to log in"]]>
              </value>
            </param>
            <param index="1">
              <value>
                <![CDATA["Login"]]>
              </value>
            </param>
          </params>
          <reporter-output>
          </reporter-output>
        </test-method> <!-- runScenario -->
        <test-method is-config="true" signature="tearDownClass()[pri:0, instance:RunnerClass.RunnerClass@74e52ef6]" started-at="2024-08-29T16:37:52 IST" name="tearDownClass" finished-at="2024-08-29T16:37:52 IST" duration-ms="116" status="PASS">
          <reporter-output>
          </reporter-output>
        </test-method> <!-- tearDownClass -->
      </class> <!-- RunnerClass.RunnerClass -->
    </test> <!-- Default test -->
  </suite> <!-- Default suite -->
</testng-results>
